c:\users\adamc\documents\github\sdizo-project\sdizo projekt\x64\release\vc143.pdb
c:\users\adamc\documents\github\sdizo-project\sdizo projekt\x64\release\time.obj
c:\users\adamc\documents\github\sdizo-project\sdizo projekt\x64\release\tests.obj
c:\users\adamc\documents\github\sdizo-project\sdizo projekt\x64\release\main.obj
c:\users\adamc\documents\github\sdizo-project\sdizo projekt\x64\release\heap.obj
c:\users\adamc\documents\github\sdizo-project\sdizo projekt\x64\release\dynamicarray.obj
c:\users\adamc\documents\github\sdizo-project\sdizo projekt\x64\release\bidirectionallist.obj
c:\users\adamc\documents\github\sdizo-project\sdizo projekt\x64\release\autotests.obj
c:\users\adamc\documents\github\sdizo-project\sdizo projekt\x64\release\readfile.obj
c:\users\adamc\documents\github\sdizo-project\sdizo projekt\x64\release\manualtests.obj
c:\users\adamc\documents\github\sdizo-project\sdizo projekt\x64\release\randomgenerator.obj
c:\users\adamc\documents\github\sdizo-project\sdizo projekt\x64\release\rwfile.obj
c:\users\adamc\documents\github\sdizo-project\sdizo projekt\x64\release\bsttree.obj
c:\users\adamc\documents\github\sdizo-project\sdizo projekt\x64\release\printbst.obj
c:\users\adamc\documents\github\sdizo-project\x64\release\sdizo projekt.exe
c:\users\adamc\documents\github\sdizo-project\sdizo projekt\x64\release\sdizo projekt.ipdb
c:\users\adamc\documents\github\sdizo-project\x64\release\sdizo projekt.pdb
c:\users\adamc\documents\github\sdizo-project\sdizo projekt\x64\release\sdizo projekt.iobj
c:\users\adamc\documents\github\sdizo-project\sdizo projekt\x64\release\bintree.obj
c:\users\adamc\documents\github\sdizo-project\sdizo projekt\x64\release\sdizo projekt.tlog\cl.command.1.tlog
c:\users\adamc\documents\github\sdizo-project\sdizo projekt\x64\release\sdizo projekt.tlog\cl.read.1.tlog
c:\users\adamc\documents\github\sdizo-project\sdizo projekt\x64\release\sdizo projekt.tlog\cl.write.1.tlog
c:\users\adamc\documents\github\sdizo-project\sdizo projekt\x64\release\sdizo projekt.tlog\link.command.1.tlog
c:\users\adamc\documents\github\sdizo-project\sdizo projekt\x64\release\sdizo projekt.tlog\link.read.1.tlog
c:\users\adamc\documents\github\sdizo-project\sdizo projekt\x64\release\sdizo projekt.tlog\link.write.1.tlog
