  AutoTests.cpp
C:\Users\adamc\Documents\GitHub\SDiZO-Project\SDiZO Projekt\AutoTests.cpp(26,12): warning C4244: 'initializing': conversion from 'double' to 'int', possible loss of data
C:\Users\adamc\Documents\GitHub\SDiZO-Project\SDiZO Projekt\AutoTests.cpp(41,12): warning C4244: 'initializing': conversion from 'double' to 'int', possible loss of data
C:\Users\adamc\Documents\GitHub\SDiZO-Project\SDiZO Projekt\AutoTests.cpp(57,12): warning C4244: 'initializing': conversion from 'double' to 'int', possible loss of data
C:\Users\adamc\Documents\GitHub\SDiZO-Project\SDiZO Projekt\AutoTests.cpp(72,12): warning C4244: 'initializing': conversion from 'double' to 'int', possible loss of data
C:\Users\adamc\Documents\GitHub\SDiZO-Project\SDiZO Projekt\AutoTests.cpp(88,12): warning C4244: 'initializing': conversion from 'double' to 'int', possible loss of data
C:\Users\adamc\Documents\GitHub\SDiZO-Project\SDiZO Projekt\AutoTests.cpp(103,12): warning C4244: 'initializing': conversion from 'double' to 'int', possible loss of data
C:\Users\adamc\Documents\GitHub\SDiZO-Project\SDiZO Projekt\AutoTests.cpp(120,12): warning C4244: 'initializing': conversion from 'double' to 'int', possible loss of data
C:\Users\adamc\Documents\GitHub\SDiZO-Project\SDiZO Projekt\AutoTests.cpp(283,12): warning C4244: 'initializing': conversion from 'double' to 'int', possible loss of data
C:\Users\adamc\Documents\GitHub\SDiZO-Project\SDiZO Projekt\AutoTests.cpp(298,12): warning C4244: 'initializing': conversion from 'double' to 'int', possible loss of data
C:\Users\adamc\Documents\GitHub\SDiZO-Project\SDiZO Projekt\AutoTests.cpp(314,12): warning C4244: 'initializing': conversion from 'double' to 'int', possible loss of data
  BSTTree.cpp
C:\Users\adamc\Documents\GitHub\SDiZO-Project\SDiZO Projekt\BSTTree.cpp(165,15): warning C4101: 'index': unreferenced local variable
  ManualTests.cpp
  PrintBST.cpp
  RandomGenerator.cpp
  RWFile.cpp
C:\Users\adamc\Documents\GitHub\SDiZO-Project\SDiZO Projekt\RWFile.cpp(1,10): warning C4067: unexpected tokens following preprocessor directive - expected a newline
  bidirectionalList.cpp
  DynamicArray.cpp
  Heap.cpp
C:\Users\adamc\Documents\GitHub\SDiZO-Project\SDiZO Projekt\Heap.cpp(196,15): warning C4101: 'index': unreferenced local variable
  main.cpp
  Time.cpp
  Generating code
  Previous IPDB not found, fall back to full compilation.
C:\Users\adamc\Documents\GitHub\SDiZO-Project\SDiZO Projekt\RWFile.cpp(31): warning C4715: 'RWFile::readFromFile': not all control paths return a value
  All 378 functions were compiled because no usable IPDB/IOBJ from previous compilation was found.
  Finished generating code
  SDiZO Projekt.vcxproj -> C:\Users\adamc\Documents\GitHub\SDiZO-Project\x64\Release\SDiZO Projekt.exe
